::1 - - [03/Oct/2022:15:36:36 +0000] "POST /auth/register HTTP/1.1" 422 545 "-" "PostmanRuntime/7.29.2"
::1 - - [03/Oct/2022:15:37:44 +0000] "POST /auth/register HTTP/1.1" 422 546 "-" "PostmanRuntime/7.29.2"
::1 - - [03/Oct/2022:15:39:27 +0000] "POST /auth/register HTTP/1.1" 422 486 "-" "PostmanRuntime/7.29.2"
::1 - - [03/Oct/2022:15:40:38 +0000] "POST /auth/register HTTP/1.1" 422 439 "-" "PostmanRuntime/7.29.2"
::1 - - [03/Oct/2022:15:41:52 +0000] "POST /auth/register HTTP/1.1" 422 350 "-" "PostmanRuntime/7.29.2"
::1 - - [03/Oct/2022:15:42:36 +0000] "POST /auth/register HTTP/1.1" 422 280 "-" "PostmanRuntime/7.29.2"
::1 - - [03/Oct/2022:15:43:37 +0000] "POST /auth/register HTTP/1.1" 422 118 "-" "PostmanRuntime/7.29.2"
::1 - - [03/Oct/2022:15:44:04 +0000] "POST /auth/register HTTP/1.1" 422 118 "-" "PostmanRuntime/7.29.2"
::1 - - [03/Oct/2022:15:47:22 +0000] "POST /auth/register HTTP/1.1" 500 174 "-" "PostmanRuntime/7.29.2"
::1 - - [03/Oct/2022:15:49:57 +0000] "POST /auth/register HTTP/1.1" 500 172 "-" "PostmanRuntime/7.29.2"
::1 - - [03/Oct/2022:15:51:07 +0000] "POST /auth/register HTTP/1.1" 500 174 "-" "PostmanRuntime/7.29.2"
::1 - - [03/Oct/2022:15:51:41 +0000] "POST /auth/register HTTP/1.1" 500 82 "-" "PostmanRuntime/7.29.2"
::1 - - [03/Oct/2022:15:53:41 +0000] "POST /auth/register HTTP/1.1" 500 125 "-" "PostmanRuntime/7.29.2"
::1 - - [03/Oct/2022:15:55:09 +0000] "POST /auth/register HTTP/1.1" 500 174 "-" "PostmanRuntime/7.29.2"
::1 - - [03/Oct/2022:15:57:48 +0000] "POST /auth/register HTTP/1.1" 500 49 "-" "PostmanRuntime/7.29.2"
::1 - - [03/Oct/2022:15:58:10 +0000] "POST /auth/register HTTP/1.1" 422 170 "-" "PostmanRuntime/7.29.2"
::1 - - [03/Oct/2022:15:59:10 +0000] "POST /auth/register HTTP/1.1" 500 98 "-" "PostmanRuntime/7.29.2"
::1 - - [03/Oct/2022:15:59:33 +0000] "POST /auth/register HTTP/1.1" 422 140 "-" "PostmanRuntime/7.29.2"
::1 - - [03/Oct/2022:15:59:44 +0000] "POST /auth/register HTTP/1.1" 201 66 "-" "PostmanRuntime/7.29.2"
::1 - - [03/Oct/2022:16:06:08 +0000] "POST /auth/register HTTP/1.1" 500 66 "-" "PostmanRuntime/7.29.2"
::1 - - [03/Oct/2022:16:06:44 +0000] "POST /auth/register HTTP/1.1" 401 31 "-" "PostmanRuntime/7.29.2"
::1 - - [03/Oct/2022:16:48:14 +0000] "POST /auth/login HTTP/1.1" 422 162 "-" "PostmanRuntime/7.29.2"
::1 - - [03/Oct/2022:16:48:54 +0000] "POST /auth/login HTTP/1.1" 200 680 "-" "PostmanRuntime/7.29.2"
::1 - - [03/Oct/2022:16:50:40 +0000] "POST /auth/login HTTP/1.1" 401 29 "-" "PostmanRuntime/7.29.2"
::1 - - [03/Oct/2022:16:50:44 +0000] "POST /auth/login HTTP/1.1" 200 680 "-" "PostmanRuntime/7.29.2"
::1 - - [03/Oct/2022:16:55:19 +0000] "POST /auth/login HTTP/1.1" 200 298 "-" "PostmanRuntime/7.29.2"
::1 - - [03/Oct/2022:17:21:00 +0000] "POST /auth/login HTTP/1.1" 200 560 "-" "PostmanRuntime/7.29.2"
::1 - - [03/Oct/2022:17:23:18 +0000] "POST /auth/token HTTP/1.1" 500 27 "-" "PostmanRuntime/7.29.2"
::1 - - [03/Oct/2022:17:23:36 +0000] "POST /auth/token HTTP/1.1" 200 262 "-" "PostmanRuntime/7.29.2"
::1 - - [03/Oct/2022:17:26:56 +0000] "POST /auth/register HTTP/1.1" 401 31 "-" "PostmanRuntime/7.29.2"
::1 - - [03/Oct/2022:17:27:34 +0000] "POST /auth/login HTTP/1.1" 200 560 "-" "PostmanRuntime/7.29.2"
::1 - - [03/Oct/2022:17:27:49 +0000] "POST /auth/register HTTP/1.1" 401 42 "-" "PostmanRuntime/7.29.2"
::1 - - [03/Oct/2022:17:29:38 +0000] "POST /auth/register HTTP/1.1" 403 27 "-" "PostmanRuntime/7.29.2"
::1 - - [03/Oct/2022:17:29:42 +0000] "POST /auth/register HTTP/1.1" 403 27 "-" "PostmanRuntime/7.29.2"
::1 - - [03/Oct/2022:17:31:26 +0000] "POST /auth/register HTTP/1.1" 403 31 "-" "PostmanRuntime/7.29.2"
::1 - - [03/Oct/2022:17:35:11 +0000] "POST /auth/register HTTP/1.1" 403 31 "-" "PostmanRuntime/7.29.2"
::1 - - [03/Oct/2022:17:35:15 +0000] "POST /auth/login HTTP/1.1" 200 560 "-" "PostmanRuntime/7.29.2"
::1 - - [03/Oct/2022:17:35:42 +0000] "POST /auth/register HTTP/1.1" 500 35 "-" "PostmanRuntime/7.29.2"
::1 - - [03/Oct/2022:17:38:44 +0000] "POST /auth/register HTTP/1.1" 403 31 "-" "PostmanRuntime/7.29.2"
::1 - - [03/Oct/2022:17:39:06 +0000] "POST /auth/token HTTP/1.1" 200 262 "-" "PostmanRuntime/7.29.2"
::1 - - [03/Oct/2022:17:39:19 +0000] "POST /auth/register HTTP/1.1" 500 35 "-" "PostmanRuntime/7.29.2"
::1 - - [03/Oct/2022:17:40:53 +0000] "POST /auth/register HTTP/1.1" 403 31 "-" "PostmanRuntime/7.29.2"
::1 - - [03/Oct/2022:17:40:57 +0000] "POST /auth/token HTTP/1.1" 200 262 "-" "PostmanRuntime/7.29.2"
::1 - - [03/Oct/2022:17:41:09 +0000] "POST /auth/register HTTP/1.1" 401 42 "-" "PostmanRuntime/7.29.2"
::1 - - [03/Oct/2022:17:47:41 +0000] "POST /auth/login HTTP/1.1" 200 560 "-" "PostmanRuntime/7.29.2"
::1 - - [03/Oct/2022:17:48:19 +0000] "POST /auth/register HTTP/1.1" 401 42 "-" "PostmanRuntime/7.29.2"
::1 - - [03/Oct/2022:17:49:22 +0000] "POST /auth/register HTTP/1.1" 401 722 "-" "PostmanRuntime/7.29.2"
::1 - - [03/Oct/2022:17:51:27 +0000] "POST /auth/register HTTP/1.1" 401 52 "-" "PostmanRuntime/7.29.2"
::1 - - [03/Oct/2022:17:51:56 +0000] "POST /auth/register HTTP/1.1" 401 55 "-" "PostmanRuntime/7.29.2"
::1 - - [03/Oct/2022:17:52:26 +0000] "POST /auth/register HTTP/1.1" 422 177 "-" "PostmanRuntime/7.29.2"
::1 - - [03/Oct/2022:17:53:06 +0000] "POST /auth/register HTTP/1.1" 401 56 "-" "PostmanRuntime/7.29.2"
::1 - - [03/Oct/2022:17:54:03 +0000] "POST /auth/register HTTP/1.1" 201 66 "-" "PostmanRuntime/7.29.2"
::1 - - [03/Oct/2022:17:56:01 +0000] "POST /auth/login HTTP/1.1" 422 143 "-" "PostmanRuntime/7.29.2"
::1 - - [03/Oct/2022:17:56:11 +0000] "POST /auth/login HTTP/1.1" 200 556 "-" "PostmanRuntime/7.29.2"
::1 - - [03/Oct/2022:17:56:28 +0000] "POST /auth/register HTTP/1.1" 401 42 "-" "PostmanRuntime/7.29.2"
::1 - - [03/Oct/2022:18:14:37 +0000] "POST /auth/register HTTP/1.1" 403 31 "-" "PostmanRuntime/7.29.2"
::1 - - [03/Oct/2022:18:15:17 +0000] "POST /auth/login HTTP/1.1" 200 560 "-" "PostmanRuntime/7.29.2"
::1 - - [03/Oct/2022:18:15:39 +0000] "POST /auth/register HTTP/1.1" 422 170 "-" "PostmanRuntime/7.29.2"
::1 - - [03/Oct/2022:18:17:13 +0000] "POST /auth/register HTTP/1.1" 422 120 "-" "PostmanRuntime/7.29.2"
::1 - - [03/Oct/2022:18:20:17 +0000] "POST /auth/register HTTP/1.1" 422 121 "-" "PostmanRuntime/7.29.2"
::1 - - [03/Oct/2022:18:20:48 +0000] "POST /auth/register HTTP/1.1" 201 66 "-" "PostmanRuntime/7.29.2"
::1 - - [03/Oct/2022:18:22:56 +0000] "POST /auth/login HTTP/1.1" 404 56 "-" "PostmanRuntime/7.29.2"
::1 - - [03/Oct/2022:18:23:08 +0000] "POST /auth/login HTTP/1.1" 200 578 "-" "PostmanRuntime/7.29.2"
::1 - - [03/Oct/2022:18:23:40 +0000] "POST /auth/register HTTP/1.1" 401 42 "-" "PostmanRuntime/7.29.2"
::1 - - [03/Oct/2022:18:23:58 +0000] "POST /auth/login HTTP/1.1" 404 56 "-" "PostmanRuntime/7.29.2"
::1 - - [03/Oct/2022:18:37:19 +0000] "POST /auth/register HTTP/1.1" 401 42 "-" "PostmanRuntime/7.29.2"
::1 - - [03/Oct/2022:18:37:27 +0000] "POST /auth/token HTTP/1.1" 500 31 "-" "PostmanRuntime/7.29.2"
::1 - - [03/Oct/2022:18:37:37 +0000] "POST /auth/login HTTP/1.1" 200 560 "-" "PostmanRuntime/7.29.2"
::1 - - [03/Oct/2022:18:37:54 +0000] "POST /auth/register HTTP/1.1" 201 66 "-" "PostmanRuntime/7.29.2"
::1 - - [03/Oct/2022:18:51:40 +0000] "POST /auth/token HTTP/1.1" 200 262 "-" "PostmanRuntime/7.29.2"
::1 - - [03/Oct/2022:18:51:53 +0000] "POST /auth/register HTTP/1.1" 422 170 "-" "PostmanRuntime/7.29.2"
::1 - - [03/Oct/2022:18:52:10 +0000] "POST /auth/register HTTP/1.1" 201 66 "-" "PostmanRuntime/7.29.2"
::1 - - [03/Oct/2022:18:53:49 +0000] "POST /auth/register HTTP/1.1" 403 31 "-" "PostmanRuntime/7.29.2"
::1 - - [03/Oct/2022:18:54:23 +0000] "POST /auth/token HTTP/1.1" 200 262 "-" "PostmanRuntime/7.29.2"
::1 - - [03/Oct/2022:18:54:36 +0000] "POST /auth/register HTTP/1.1" 201 66 "-" "PostmanRuntime/7.29.2"
::1 - - [03/Oct/2022:18:57:20 +0000] "POST /auth/register HTTP/1.1" 422 170 "-" "PostmanRuntime/7.29.2"
::1 - - [03/Oct/2022:18:57:37 +0000] "POST /auth/register HTTP/1.1" 201 66 "-" "PostmanRuntime/7.29.2"
::1 - - [03/Oct/2022:19:15:32 +0000] "POST /auth/register HTTP/1.1" 403 31 "-" "PostmanRuntime/7.29.2"
::1 - - [03/Oct/2022:19:15:37 +0000] "POST /auth/token HTTP/1.1" 200 262 "-" "PostmanRuntime/7.29.2"
::1 - - [03/Oct/2022:19:15:50 +0000] "POST /auth/register HTTP/1.1" 403 31 "-" "PostmanRuntime/7.29.2"
::1 - - [03/Oct/2022:19:15:58 +0000] "POST /auth/register HTTP/1.1" 422 170 "-" "PostmanRuntime/7.29.2"
::1 - - [03/Oct/2022:19:16:12 +0000] "POST /auth/register HTTP/1.1" 201 66 "-" "PostmanRuntime/7.29.2"
::1 - - [03/Oct/2022:19:19:51 +0000] "POST /auth/register HTTP/1.1" 201 66 "-" "PostmanRuntime/7.29.2"
::1 - - [03/Oct/2022:19:25:09 +0000] "POST /auth/register HTTP/1.1" 201 66 "-" "PostmanRuntime/7.29.2"
::1 - - [03/Oct/2022:19:28:40 +0000] "POST /auth/register HTTP/1.1" 201 66 "-" "PostmanRuntime/7.29.2"
::1 - - [03/Oct/2022:19:35:34 +0000] "POST /auth/register HTTP/1.1" 201 66 "-" "PostmanRuntime/7.29.2"
::1 - - [03/Oct/2022:19:37:13 +0000] "POST /auth/login HTTP/1.1" 200 564 "-" "PostmanRuntime/7.29.2"
::1 - - [03/Oct/2022:19:37:39 +0000] "POST /auth/register HTTP/1.1" 422 170 "-" "PostmanRuntime/7.29.2"
::1 - - [03/Oct/2022:19:37:55 +0000] "POST /auth/register HTTP/1.1" 201 66 "-" "PostmanRuntime/7.29.2"
::1 - - [04/Oct/2022:05:28:20 +0000] "POST /auth/login HTTP/1.1" 200 564 "-" "PostmanRuntime/7.29.2"
::1 - - [04/Oct/2022:05:28:36 +0000] "POST /auth/register HTTP/1.1" 201 66 "-" "PostmanRuntime/7.29.2"
::1 - - [04/Oct/2022:05:35:58 +0000] "POST /auth/register HTTP/1.1" 201 66 "-" "PostmanRuntime/7.29.2"
::1 - - [04/Oct/2022:06:10:22 +0000] "POST /auth/logout HTTP/1.1" 403 31 "-" "PostmanRuntime/7.29.2"
::1 - - [04/Oct/2022:06:10:33 +0000] "POST /auth/login HTTP/1.1" 200 564 "-" "PostmanRuntime/7.29.2"
::1 - - [04/Oct/2022:06:11:01 +0000] "POST /auth/logout HTTP/1.1" 200 133 "-" "PostmanRuntime/7.29.2"
::1 - - [04/Oct/2022:06:13:03 +0000] "POST /auth/reset HTTP/1.1" 200 31 "-" "PostmanRuntime/7.29.2"
::1 - - [04/Oct/2022:06:15:02 +0000] "POST /auth/reset HTTP/1.1" 200 31 "-" "PostmanRuntime/7.29.2"
::1 - - [04/Oct/2022:06:15:25 +0000] "GET /reset/87ce8014e5840b4955f221471fc51c0458bd9b9eed34594ec933cdc8ef5dfdb5 HTTP/1.1" 404 209 "-" "Mozilla/5.0 (Windows NT 10.0; Win64; x64) AppleWebKit/537.36 (KHTML, like Gecko) Chrome/104.0.5112.102 Safari/537.36 OPR/90.0.4480.84"
::1 - - [04/Oct/2022:06:16:59 +0000] "PUT /reset/87ce8014e5840b4955f221471fc51c0458bd9b9eed34594ec933cdc8ef5dfdb5 HTTP/1.1" 404 209 "-" "PostmanRuntime/7.29.2"
::1 - - [04/Oct/2022:06:18:09 +0000] "PUT /reset/43b8aaeace8d06de9a8fdfcc5113441509422e5988903bc757c1a26bdc991671 HTTP/1.1" 404 209 "-" "PostmanRuntime/7.29.2"
::1 - - [04/Oct/2022:06:19:01 +0000] "POST /auth/reset HTTP/1.1" 200 31 "-" "PostmanRuntime/7.29.2"
::1 - - [04/Oct/2022:06:19:25 +0000] "PUT /reset/604e66d10c6a09ada828c6a972195e0b9e6c5284ae5739034c8c32ab44430ec5 HTTP/1.1" 404 209 "-" "PostmanRuntime/7.29.2"
::1 - - [04/Oct/2022:06:21:39 +0000] "PUT /reset/604e66d10c6a09ada828c6a972195e0b9e6c5284ae5739034c8c32ab44430ec5 HTTP/1.1" 404 209 "-" "PostmanRuntime/7.29.2"
::1 - - [04/Oct/2022:06:24:11 +0000] "PUT /auth/reset/604e66d10c6a09ada828c6a972195e0b9e6c5284ae5739034c8c32ab44430ec5 HTTP/1.1" 500 34 "-" "PostmanRuntime/7.29.2"
::1 - - [04/Oct/2022:06:27:10 +0000] "POST /auth/reset HTTP/1.1" 200 31 "-" "PostmanRuntime/7.29.2"
::1 - - [04/Oct/2022:06:27:36 +0000] "PUT /auth/reset/a53f1414409cabaf69ed7a5c875da6298d3ea6785d2a5edab27d054ffef777cd HTTP/1.1" 200 34 "-" "PostmanRuntime/7.29.2"
::1 - - [04/Oct/2022:06:31:48 +0000] "POST /auth/reset HTTP/1.1" 200 31 "-" "PostmanRuntime/7.29.2"
::1 - - [04/Oct/2022:06:32:06 +0000] "PUT /auth/reset/56d0af30a1c9ef724a104b11c9428dc77be3253fb36ef7350ec9b95291f845af HTTP/1.1" 200 34 "-" "PostmanRuntime/7.29.2"
::1 - - [04/Oct/2022:06:33:06 +0000] "POST /auth/reset HTTP/1.1" 200 31 "-" "PostmanRuntime/7.29.2"
::1 - - [04/Oct/2022:06:33:26 +0000] "PUT /auth/reset/e1f078233501da7bda982bc3961348a9d7806ac14f0fe2a0cec013ec2cc04ae0 HTTP/1.1" 200 34 "-" "PostmanRuntime/7.29.2"
::1 - - [04/Oct/2022:07:31:16 +0000] "POST /auth/reset HTTP/1.1" 200 31 "-" "PostmanRuntime/7.29.2"
::1 - - [04/Oct/2022:07:31:54 +0000] "PUT /auth/reset/2f4d8ef6dd25fc3e1432b793c6513dbfa4c334cc744d78c6d3c57395248671f8 HTTP/1.1" 200 34 "-" "PostmanRuntime/7.29.2"
::1 - - [04/Oct/2022:07:34:04 +0000] "POST /auth/reset HTTP/1.1" 401 57 "-" "PostmanRuntime/7.29.2"
::1 - - [04/Oct/2022:07:34:35 +0000] "POST /auth/reset HTTP/1.1" 401 57 "-" "PostmanRuntime/7.29.2"
::1 - - [04/Oct/2022:07:37:18 +0000] "POST /auth/login HTTP/1.1" 422 115 "-" "PostmanRuntime/7.29.2"
::1 - - [04/Oct/2022:07:40:56 +0000] "POST /auth/reset HTTP/1.1" 401 57 "-" "PostmanRuntime/7.29.2"
::1 - - [04/Oct/2022:07:44:48 +0000] "POST /auth/reset HTTP/1.1" 401 57 "-" "PostmanRuntime/7.29.2"
::1 - - [04/Oct/2022:07:45:18 +0000] "POST /auth/register HTTP/1.1" 403 31 "-" "PostmanRuntime/7.29.2"
::1 - - [04/Oct/2022:07:50:04 +0000] "POST /auth/reset HTTP/1.1" 200 31 "-" "PostmanRuntime/7.29.2"
::1 - - [04/Oct/2022:07:50:21 +0000] "PUT /auth/newPassword/06271778016d6d56f78afc85e6cc009d8652434a896108858844b255805bf4eb HTTP/1.1" 200 34 "-" "PostmanRuntime/7.29.2"
::1 - - [04/Oct/2022:07:51:24 +0000] "POST /auth/reset HTTP/1.1" 200 31 "-" "PostmanRuntime/7.29.2"
::1 - - [04/Oct/2022:07:51:45 +0000] "PUT /auth/newPassword/144cc4bd6eca2c21e54b3ca4086d22195ad790047ec5cd29a597337a572b9865 HTTP/1.1" 200 34 "-" "PostmanRuntime/7.29.2"
::1 - - [04/Oct/2022:07:56:24 +0000] "POST /auth/logout HTTP/1.1" 403 31 "-" "PostmanRuntime/7.29.2"
::1 - - [04/Oct/2022:07:58:00 +0000] "POST /auth/reset HTTP/1.1" 200 31 "-" "PostmanRuntime/7.29.2"
::1 - - [04/Oct/2022:07:58:28 +0000] "PUT /auth/newPassword/e5f62b185f57081827e5e07c37c679914b09a7b366497ddfc758b2348cc90d6e HTTP/1.1" 200 34 "-" "PostmanRuntime/7.29.2"
::1 - - [04/Oct/2022:08:02:13 +0000] "POST /auth/reset HTTP/1.1" 401 57 "-" "PostmanRuntime/7.29.2"
::1 - - [04/Oct/2022:08:04:49 +0000] "POST /auth/login HTTP/1.1" 404 56 "-" "PostmanRuntime/7.29.2"
::1 - - [04/Oct/2022:08:05:18 +0000] "POST /auth/login HTTP/1.1" 422 181 "-" "PostmanRuntime/7.29.2"
::1 - - [04/Oct/2022:08:08:30 +0000] "POST /auth/reset HTTP/1.1" 401 57 "-" "PostmanRuntime/7.29.2"
::1 - - [04/Oct/2022:08:14:07 +0000] "POST /auth/reset HTTP/1.1" 422 123 "-" "PostmanRuntime/7.29.2"
::1 - - [04/Oct/2022:08:14:12 +0000] "POST /auth/reset HTTP/1.1" 401 57 "-" "PostmanRuntime/7.29.2"
::1 - - [04/Oct/2022:08:14:19 +0000] "POST /auth/reset HTTP/1.1" 200 31 "-" "PostmanRuntime/7.29.2"
::1 - - [04/Oct/2022:08:14:38 +0000] "PUT /auth/newPassword/34c9de35608ac574a8baa2a5570e7e8b6f7be9e7693de71d7f52898dc6540cb7 HTTP/1.1" 422 185 "-" "PostmanRuntime/7.29.2"
::1 - - [04/Oct/2022:08:14:50 +0000] "PUT /auth/newPassword/34c9de35608ac574a8baa2a5570e7e8b6f7be9e7693de71d7f52898dc6540cb7 HTTP/1.1" 422 139 "-" "PostmanRuntime/7.29.2"
::1 - - [04/Oct/2022:08:14:55 +0000] "PUT /auth/newPassword/34c9de35608ac574a8baa2a5570e7e8b6f7be9e7693de71d7f52898dc6540cb7 HTTP/1.1" 200 34 "-" "PostmanRuntime/7.29.2"
::1 - - [04/Oct/2022:08:31:51 +0000] "POST /auth/login HTTP/1.1" 401 29 "-" "PostmanRuntime/7.29.2"
::1 - - [04/Oct/2022:08:31:59 +0000] "POST /auth/login HTTP/1.1" 200 564 "-" "PostmanRuntime/7.29.2"
::1 - - [04/Oct/2022:08:35:40 +0000] "GET /user/profile HTTP/1.1" 401 39 "-" "PostmanRuntime/7.29.2"
::1 - - [04/Oct/2022:08:36:38 +0000] "GET /user/profile HTTP/1.1" 404 28 "-" "PostmanRuntime/7.29.2"
::1 - - [04/Oct/2022:08:37:28 +0000] "POST /auth/token HTTP/1.1" 200 264 "-" "PostmanRuntime/7.29.2"
::1 - - [04/Oct/2022:08:37:43 +0000] "GET /user/profile HTTP/1.1" 404 28 "-" "PostmanRuntime/7.29.2"
::1 - - [04/Oct/2022:08:39:34 +0000] "POST /auth/logout HTTP/1.1" 500 65 "-" "PostmanRuntime/7.29.2"
::1 - - [04/Oct/2022:08:40:30 +0000] "POST /auth/logout HTTP/1.1" 200 33 "-" "PostmanRuntime/7.29.2"
::1 - - [04/Oct/2022:08:40:35 +0000] "POST /auth/login HTTP/1.1" 200 564 "-" "PostmanRuntime/7.29.2"
::1 - - [04/Oct/2022:08:40:53 +0000] "GET /user/profile HTTP/1.1" 200 695 "-" "PostmanRuntime/7.29.2"
::1 - - [04/Oct/2022:09:11:43 +0000] "GET /user/profile/633b3986751b9fbccf9e3fc1 HTTP/1.1" 404 176 "-" "PostmanRuntime/7.29.2"
::1 - - [04/Oct/2022:09:12:04 +0000] "GET /user/profile/633b3986751b9fbccf9e3fc1 HTTP/1.1" 403 31 "-" "PostmanRuntime/7.29.2"
::1 - - [04/Oct/2022:09:12:22 +0000] "POST /auth/token HTTP/1.1" 500 31 "-" "PostmanRuntime/7.29.2"
::1 - - [04/Oct/2022:09:12:59 +0000] "POST /auth/token HTTP/1.1" 500 31 "-" "PostmanRuntime/7.29.2"
::1 - - [04/Oct/2022:09:13:36 +0000] "POST /auth/login HTTP/1.1" 200 564 "-" "PostmanRuntime/7.29.2"
::1 - - [04/Oct/2022:09:13:52 +0000] "POST /auth/token HTTP/1.1" 200 264 "-" "PostmanRuntime/7.29.2"
::1 - - [04/Oct/2022:09:14:05 +0000] "GET /user/profile/633b3986751b9fbccf9e3fc1 HTTP/1.1" 200 695 "-" "PostmanRuntime/7.29.2"
::1 - - [04/Oct/2022:09:17:49 +0000] "GET /user/profile/633b3986751b9fbccf9e3fc1 HTTP/1.1" - - "-" "PostmanRuntime/7.29.2"
::1 - - [04/Oct/2022:09:22:13 +0000] "GET /user/profile/633b3986751b9fbccf9e3fc1 HTTP/1.1" 200 695 "-" "PostmanRuntime/7.29.2"
::1 - - [04/Oct/2022:09:22:40 +0000] "GET /user/profile/633bc63d3d36bb5ce5563d03 HTTP/1.1" 200 440 "-" "PostmanRuntime/7.29.2"
::1 - - [04/Oct/2022:09:23:32 +0000] "POST /auth/login HTTP/1.1" 401 29 "-" "PostmanRuntime/7.29.2"
::1 - - [04/Oct/2022:09:23:39 +0000] "POST /auth/login HTTP/1.1" 200 568 "-" "PostmanRuntime/7.29.2"
::1 - - [04/Oct/2022:09:24:05 +0000] "GET /user/profile/633bc63d3d36bb5ce5563d03 HTTP/1.1" 200 706 "-" "PostmanRuntime/7.29.2"
::1 - - [04/Oct/2022:09:26:38 +0000] "GET /user/profile/633b3986751b9fbccf9e3fc1 HTTP/1.1" 401 47 "-" "PostmanRuntime/7.29.2"
::1 - - [04/Oct/2022:09:28:38 +0000] "POST /auth/logout HTTP/1.1" 403 31 "-" "PostmanRuntime/7.29.2"
::1 - - [04/Oct/2022:09:29:25 +0000] "GET /user/profile/633b3986751b9fbccf9e3fc1 HTTP/1.1" 401 47 "-" "PostmanRuntime/7.29.2"
::1 - - [04/Oct/2022:09:35:50 +0000] "POST /auth/login HTTP/1.1" 200 568 "-" "PostmanRuntime/7.29.2"
::1 - - [04/Oct/2022:09:36:26 +0000] "POST /auth/logout HTTP/1.1" 403 31 "-" "PostmanRuntime/7.29.2"
::1 - - [04/Oct/2022:09:36:48 +0000] "GET /user/profile/633b3986751b9fbccf9e3fc1 HTTP/1.1" 401 47 "-" "PostmanRuntime/7.29.2"
::1 - - [04/Oct/2022:09:37:09 +0000] "GET /user/profile/633bc63d3d36bb5ce5563d03 HTTP/1.1" 200 706 "-" "PostmanRuntime/7.29.2"
::1 - - [04/Oct/2022:09:37:39 +0000] "POST /auth/logout HTTP/1.1" 403 31 "-" "PostmanRuntime/7.29.2"
::1 - - [04/Oct/2022:09:40:02 +0000] "GET /user/profile/633bc63d3d36bb5ce5563d03 HTTP/1.1" 200 706 "-" "PostmanRuntime/7.29.2"
::1 - - [04/Oct/2022:09:42:49 +0000] "POST /auth/logout HTTP/1.1" 403 31 "-" "PostmanRuntime/7.29.2"
::1 - - [04/Oct/2022:09:43:20 +0000] "POST /auth/logout HTTP/1.1" 403 31 "-" "PostmanRuntime/7.29.2"
::1 - - [04/Oct/2022:09:44:49 +0000] "POST /auth/logout HTTP/1.1" 403 40 "-" "PostmanRuntime/7.29.2"
::1 - - [04/Oct/2022:09:44:59 +0000] "POST /auth/login HTTP/1.1" 200 568 "-" "PostmanRuntime/7.29.2"
::1 - - [04/Oct/2022:09:45:16 +0000] "POST /auth/logout HTTP/1.1" 403 40 "-" "PostmanRuntime/7.29.2"
::1 - - [04/Oct/2022:09:45:57 +0000] "GET /user/profile/633bc63d3d36bb5ce5563d03 HTTP/1.1" 200 706 "-" "PostmanRuntime/7.29.2"
::1 - - [04/Oct/2022:09:51:52 +0000] "POST /auth/token HTTP/1.1" 200 266 "-" "PostmanRuntime/7.29.2"
::1 - - [04/Oct/2022:09:52:26 +0000] "GET /user/profile/633bc63d3d36bb5ce5563d03 HTTP/1.1" 200 706 "-" "PostmanRuntime/7.29.2"
::1 - - [04/Oct/2022:09:52:32 +0000] "POST /auth/logout HTTP/1.1" 200 33 "-" "PostmanRuntime/7.29.2"
::1 - - [04/Oct/2022:09:54:00 +0000] "POST /auth/login HTTP/1.1" 200 564 "-" "PostmanRuntime/7.29.2"
::1 - - [04/Oct/2022:09:54:14 +0000] "POST /auth/token HTTP/1.1" 200 264 "-" "PostmanRuntime/7.29.2"
::1 - - [04/Oct/2022:09:54:38 +0000] "GET /user/profile/633bc63d3d36bb5ce5563d03 HTTP/1.1" 200 706 "-" "PostmanRuntime/7.29.2"
::1 - - [04/Oct/2022:16:16:57 +0000] "POST /auth/token HTTP/1.1" 200 264 "-" "PostmanRuntime/7.29.2"
::1 - - [04/Oct/2022:16:23:45 +0000] "PUT /user/profile/633b3986751b9fbccf9e3fc1 HTTP/1.1" 403 40 "-" "PostmanRuntime/7.29.2"
::1 - - [04/Oct/2022:16:23:55 +0000] "POST /auth/token HTTP/1.1" 200 264 "-" "PostmanRuntime/7.29.2"
::1 - - [04/Oct/2022:16:24:13 +0000] "PUT /user/profile/633b3986751b9fbccf9e3fc1 HTTP/1.1" 500 42 "-" "PostmanRuntime/7.29.2"
::1 - - [04/Oct/2022:16:30:36 +0000] "PUT /user/profile/633b3986751b9fbccf9e3fc1 HTTP/1.1" 403 40 "-" "PostmanRuntime/7.29.2"
::1 - - [04/Oct/2022:16:31:36 +0000] "GET /user/profile/633bc63d3d36bb5ce5563d03 HTTP/1.1" 403 40 "-" "PostmanRuntime/7.29.2"
::1 - - [04/Oct/2022:16:31:44 +0000] "POST /auth/token HTTP/1.1" 200 264 "-" "PostmanRuntime/7.29.2"
::1 - - [04/Oct/2022:16:32:01 +0000] "PUT /user/profile/633b3986751b9fbccf9e3fc1 HTTP/1.1" 500 132 "-" "PostmanRuntime/7.29.2"
::1 - - [04/Oct/2022:16:32:14 +0000] "PUT /user/profile/633b3986751b9fbccf9e3fc1 HTTP/1.1" 422 170 "-" "PostmanRuntime/7.29.2"
::1 - - [04/Oct/2022:16:35:21 +0000] "PUT /user/profile/633b3986751b9fbccf9e3fc1 HTTP/1.1" 422 170 "-" "PostmanRuntime/7.29.2"
::1 - - [04/Oct/2022:16:35:32 +0000] "PUT /user/profile/633b3986751b9fbccf9e3fc1 HTTP/1.1" 500 72 "-" "PostmanRuntime/7.29.2"
::1 - - [04/Oct/2022:16:36:03 +0000] "PUT /user/profile/633b3986751b9fbccf9e3fc1 HTTP/1.1" 200 690 "-" "PostmanRuntime/7.29.2"
::1 - - [04/Oct/2022:16:37:42 +0000] "PUT /user/profile/633b3986751b9fbccf9e3fc1 HTTP/1.1" 403 40 "-" "PostmanRuntime/7.29.2"
::1 - - [04/Oct/2022:16:37:53 +0000] "POST /auth/token HTTP/1.1" 200 264 "-" "PostmanRuntime/7.29.2"
::1 - - [04/Oct/2022:16:38:05 +0000] "PUT /user/profile/633b3986751b9fbccf9e3fc1 HTTP/1.1" 200 690 "-" "PostmanRuntime/7.29.2"
::1 - - [04/Oct/2022:16:41:06 +0000] "GET /user/profile/633bc63d3d36bb5ce5563d03 HTTP/1.1" 500 66 "-" "PostmanRuntime/7.29.2"
::1 - - [04/Oct/2022:16:43:20 +0000] "GET /user/profile/633bc63d3d36bb5ce5563d03 HTTP/1.1" 403 40 "-" "PostmanRuntime/7.29.2"
::1 - - [04/Oct/2022:16:43:23 +0000] "POST /auth/token HTTP/1.1" 200 264 "-" "PostmanRuntime/7.29.2"
::1 - - [04/Oct/2022:16:43:34 +0000] "GET /user/profile/633bc63d3d36bb5ce5563d03 HTTP/1.1" 401 42 "-" "PostmanRuntime/7.29.2"
::1 - - [04/Oct/2022:16:44:20 +0000] "GET /user/profile/633bc63d3d36bb5ce5563d03 HTTP/1.1" 401 47 "-" "PostmanRuntime/7.29.2"
::1 - - [04/Oct/2022:16:45:53 +0000] "GET /user/profile/633bc63d3d36bb5ce5563d03 HTTP/1.1" 200 706 "-" "PostmanRuntime/7.29.2"
::1 - - [04/Oct/2022:16:46:14 +0000] "GET /user/profile/633b3986751b9fbccf9e3fc1 HTTP/1.1" 200 688 "-" "PostmanRuntime/7.29.2"
::1 - - [04/Oct/2022:16:47:00 +0000] "PUT /user/profile/633bc63d3d36bb5ce5563d03 HTTP/1.1" 200 687 "-" "PostmanRuntime/7.29.2"
::1 - - [04/Oct/2022:16:50:29 +0000] "PUT /user/profile/633bc63d3d36bb5ce5563d03 HTTP/1.1" 403 40 "-" "PostmanRuntime/7.29.2"
::1 - - [04/Oct/2022:16:50:34 +0000] "POST /auth/token HTTP/1.1" 200 264 "-" "PostmanRuntime/7.29.2"
::1 - - [04/Oct/2022:16:50:46 +0000] "PUT /user/profile/633bc63d3d36bb5ce5563d03 HTTP/1.1" 200 689 "-" "PostmanRuntime/7.29.2"
::1 - - [04/Oct/2022:17:01:17 +0000] "GET /user/list HTTP/1.1" 403 40 "-" "PostmanRuntime/7.29.2"
::1 - - [04/Oct/2022:17:01:23 +0000] "POST /auth/token HTTP/1.1" 200 264 "-" "PostmanRuntime/7.29.2"
::1 - - [04/Oct/2022:17:01:36 +0000] "GET /user/list HTTP/1.1" 403 40 "-" "PostmanRuntime/7.29.2"
::1 - - [04/Oct/2022:17:01:55 +0000] "GET /user/profile/633b3986751b9fbccf9e3fc1 HTTP/1.1" 403 40 "-" "PostmanRuntime/7.29.2"
::1 - - [04/Oct/2022:17:02:00 +0000] "POST /auth/token HTTP/1.1" 200 264 "-" "PostmanRuntime/7.29.2"
::1 - - [04/Oct/2022:17:02:11 +0000] "GET /user/profile/633b3986751b9fbccf9e3fc1 HTTP/1.1" 200 680 "-" "PostmanRuntime/7.29.2"
::1 - - [04/Oct/2022:17:02:16 +0000] "GET /user/list HTTP/1.1" 200 - "-" "PostmanRuntime/7.29.2"
::1 - - [04/Oct/2022:17:02:27 +0000] "POST /auth/logout HTTP/1.1" 200 33 "-" "PostmanRuntime/7.29.2"
::1 - - [04/Oct/2022:17:02:32 +0000] "GET /user/profile/633b3986751b9fbccf9e3fc1 HTTP/1.1" 200 680 "-" "PostmanRuntime/7.29.2"
::1 - - [04/Oct/2022:17:02:41 +0000] "POST /auth/logout HTTP/1.1" 200 33 "-" "PostmanRuntime/7.29.2"
::1 - - [04/Oct/2022:17:06:33 +0000] "POST /auth/logout HTTP/1.1" 200 33 "-" "PostmanRuntime/7.29.2"
::1 - - [04/Oct/2022:17:06:45 +0000] "GET /user/profile/633b3986751b9fbccf9e3fc1 HTTP/1.1" 200 416 "-" "PostmanRuntime/7.29.2"
::1 - - [04/Oct/2022:17:07:25 +0000] "GET /user/list HTTP/1.1" 403 40 "-" "PostmanRuntime/7.29.2"
::1 - - [04/Oct/2022:17:07:32 +0000] "GET /user/profile/633b3986751b9fbccf9e3fc1 HTTP/1.1" 403 40 "-" "PostmanRuntime/7.29.2"
::1 - - [04/Oct/2022:17:07:36 +0000] "POST /auth/token HTTP/1.1" 500 31 "-" "PostmanRuntime/7.29.2"
::1 - - [04/Oct/2022:17:08:10 +0000] "GET /user/profile/633b3986751b9fbccf9e3fc1 HTTP/1.1" 403 40 "-" "PostmanRuntime/7.29.2"
::1 - - [04/Oct/2022:17:08:14 +0000] "PUT /user/profile/633bc63d3d36bb5ce5563d03 HTTP/1.1" 403 40 "-" "PostmanRuntime/7.29.2"
::1 - - [04/Oct/2022:17:08:17 +0000] "GET /user/list HTTP/1.1" 403 40 "-" "PostmanRuntime/7.29.2"
::1 - - [04/Oct/2022:17:08:59 +0000] "POST /auth/login HTTP/1.1" 422 184 "-" "PostmanRuntime/7.29.2"
::1 - - [04/Oct/2022:17:09:06 +0000] "POST /auth/login HTTP/1.1" 401 29 "-" "PostmanRuntime/7.29.2"
::1 - - [04/Oct/2022:17:09:15 +0000] "POST /auth/login HTTP/1.1" 404 56 "-" "PostmanRuntime/7.29.2"
::1 - - [04/Oct/2022:17:09:28 +0000] "POST /auth/login HTTP/1.1" 200 562 "-" "PostmanRuntime/7.29.2"
::1 - - [04/Oct/2022:17:09:50 +0000] "POST /auth/logout HTTP/1.1" 403 40 "-" "PostmanRuntime/7.29.2"
::1 - - [04/Oct/2022:17:09:55 +0000] "GET /user/profile/633b3986751b9fbccf9e3fc1 HTTP/1.1" 403 40 "-" "PostmanRuntime/7.29.2"
::1 - - [04/Oct/2022:17:10:41 +0000] "POST /auth/logout HTTP/1.1" 200 33 "-" "PostmanRuntime/7.29.2"
::1 - - [04/Oct/2022:17:10:55 +0000] "POST /auth/login HTTP/1.1" 200 562 "-" "PostmanRuntime/7.29.2"
::1 - - [04/Oct/2022:17:11:18 +0000] "GET /user/profile/633b3986751b9fbccf9e3fc1 HTTP/1.1" 401 47 "-" "PostmanRuntime/7.29.2"
::1 - - [04/Oct/2022:17:11:34 +0000] "GET /user/profile633bc63d3d36bb5ce5563d03 HTTP/1.1" 404 175 "-" "PostmanRuntime/7.29.2"
::1 - - [04/Oct/2022:17:11:46 +0000] "GET /user/profile/633bc63d3d36bb5ce5563d03 HTTP/1.1" 200 686 "-" "PostmanRuntime/7.29.2"
::1 - - [04/Oct/2022:17:11:58 +0000] "GET /user/list HTTP/1.1" 401 42 "-" "PostmanRuntime/7.29.2"
::1 - - [04/Oct/2022:17:12:17 +0000] "POST /auth/logout HTTP/1.1" 200 33 "-" "PostmanRuntime/7.29.2"
::1 - - [04/Oct/2022:17:24:34 +0000] "GET /user/profile/633bc63d3d36bb5ce5563d03 HTTP/1.1" 403 40 "-" "PostmanRuntime/7.29.2"
::1 - - [04/Oct/2022:17:24:43 +0000] "POST /auth/token HTTP/1.1" 500 31 "-" "PostmanRuntime/7.29.2"
::1 - - [04/Oct/2022:17:24:53 +0000] "GET /user/list HTTP/1.1" 403 40 "-" "PostmanRuntime/7.29.2"
::1 - - [04/Oct/2022:17:24:57 +0000] "PUT /user/profile/633bc63d3d36bb5ce5563d03 HTTP/1.1" 403 40 "-" "PostmanRuntime/7.29.2"
::1 - - [04/Oct/2022:17:25:04 +0000] "POST /auth/register HTTP/1.1" 403 40 "-" "PostmanRuntime/7.29.2"
::1 - - [04/Oct/2022:17:25:15 +0000] "POST /auth/login HTTP/1.1" 200 562 "-" "PostmanRuntime/7.29.2"
::1 - - [04/Oct/2022:17:25:27 +0000] "GET /user/profile/633bc63d3d36bb5ce5563d03 HTTP/1.1" 200 686 "-" "PostmanRuntime/7.29.2"
::1 - - [04/Oct/2022:17:26:53 +0000] "GET /user/list HTTP/1.1" 401 42 "-" "PostmanRuntime/7.29.2"
::1 - - [04/Oct/2022:17:26:57 +0000] "GET /user/profile/633bc63d3d36bb5ce5563d03 HTTP/1.1" 200 686 "-" "PostmanRuntime/7.29.2"
::1 - - [04/Oct/2022:17:27:28 +0000] "GET /user/profile/633bc63d3d36bb5ce5563d03 HTTP/1.1" 200 686 "-" "PostmanRuntime/7.29.2"
::1 - - [04/Oct/2022:17:27:36 +0000] "POST /auth/logout HTTP/1.1" 200 33 "-" "PostmanRuntime/7.29.2"
::1 - - [04/Oct/2022:17:42:41 +0000] "POST /auth/login HTTP/1.1" 200 564 "-" "PostmanRuntime/7.29.2"
::1 - - [04/Oct/2022:17:43:09 +0000] "GET /user/profile/633bc63d3d36bb5ce5563d03 HTTP/1.1" 200 423 "-" "PostmanRuntime/7.29.2"
::1 - - [04/Oct/2022:17:43:24 +0000] "GET /user/profile/633b3986751b9fbccf9e3fc1 HTTP/1.1" 200 680 "-" "PostmanRuntime/7.29.2"
::1 - - [04/Oct/2022:17:44:31 +0000] "DELETE /user/delete/633bc63d3d36bb5ce5563d03 HTTP/1.1" 200 26 "-" "PostmanRuntime/7.29.2"
::1 - - [04/Oct/2022:17:44:42 +0000] "DELETE /user/delete/633bc63d3d36bb5ce5563d03 HTTP/1.1" 200 26 "-" "PostmanRuntime/7.29.2"
::1 - - [04/Oct/2022:17:45:19 +0000] "POST /auth/register HTTP/1.1" 201 444 "-" "PostmanRuntime/7.29.2"
::1 - - [04/Oct/2022:17:46:08 +0000] "PUT /user/profile/633bc63d3d36bb5ce5563d03 HTTP/1.1" 404 28 "-" "PostmanRuntime/7.29.2"
::1 - - [04/Oct/2022:17:46:28 +0000] "PUT /user/profile/633c712f474915aa687b0a7d HTTP/1.1" 200 416 "-" "PostmanRuntime/7.29.2"
::1 - - [04/Oct/2022:17:46:44 +0000] "GET /user/profile/633b3986751b9fbccf9e3fc1 HTTP/1.1" 200 680 "-" "PostmanRuntime/7.29.2"
::1 - - [04/Oct/2022:17:46:48 +0000] "GET /user/profile/633c712f474915aa687b0a7d HTTP/1.1" 200 416 "-" "PostmanRuntime/7.29.2"
::1 - - [04/Oct/2022:17:46:55 +0000] "GET /user/list HTTP/1.1" 200 - "-" "PostmanRuntime/7.29.2"
